* using log directory ‘/cloud/project/Rojas.pkg/Rojas.pkg.Rcheck’
* using R version 4.3.1 (2023-06-16)
* using platform: x86_64-pc-linux-gnu (64-bit)
* R was compiled by
    gcc (Ubuntu 9.4.0-1ubuntu1~20.04.2) 9.4.0
    GNU Fortran (Ubuntu 9.4.0-1ubuntu1~20.04.2) 9.4.0
* running under: Ubuntu 20.04.6 LTS
* using session charset: UTF-8
* using options ‘--no-manual --as-cran’
* checking for file ‘Rojas.pkg/DESCRIPTION’ ... OK
* this is package ‘Rojas.pkg’ version ‘0.1’
* package encoding: UTF-8
* checking package namespace information ... OK
* checking package dependencies ... OK
* checking if this is a source package ... OK
* checking if there is a namespace ... OK
* checking for executable files ... OK
* checking for hidden files and directories ... OK
* checking for portable file names ... WARNING
Found the following file with a non-portable file name:
  Data/Data_RojasC (1).csv
These are not fully portable file names.
See section ‘Package structure’ in the ‘Writing R Extensions’ manual.
* checking for sufficient/correct file permissions ... OK
* checking serialization versions ... OK
* checking whether package ‘Rojas.pkg’ can be installed ... OK
* checking installed package size ... OK
* checking package directory ... OK
* checking for future file timestamps ... OK
* checking DESCRIPTION meta-information ... OK
* checking top-level files ... NOTE
Non-standard files/directories found at top level:
  ‘Data’ ‘README.html’ ‘docs’ ‘rojas.pkg_0.1.tar.gz’
* checking for left-over files ... OK
* checking index information ... OK
* checking package subdirectories ... OK
* checking R files for non-ASCII characters ... OK
* checking R files for syntax errors ... OK
* checking whether the package can be loaded ... OK
* checking whether the package can be loaded with stated dependencies ... OK
* checking whether the package can be unloaded cleanly ... OK
* checking whether the namespace can be loaded with stated dependencies ... OK
* checking whether the namespace can be unloaded cleanly ... OK
* checking loading without being on the library search path ... OK
* checking dependencies in R code ... NOTE
Namespaces in Imports field not imported from:
  ‘broom’ ‘dplyr’ ‘tidyverse’
  All declared Imports should be used.
* checking S3 generic/method consistency ... OK
* checking replacement functions ... OK
* checking foreign function calls ... OK
* checking R code for possible problems ... NOTE
Plot: no visible global function definition for ‘ggplot’
Plot: no visible global function definition for ‘aes_string’
Plot: no visible global function definition for ‘geom_bar’
Plot_two: no visible global function definition for ‘ggplot’
Plot_two: no visible global function definition for ‘aes_string’
Plot_two: no visible global function definition for ‘geom_jitter’
Select_data: no visible global function definition for ‘select’
Select_data: no visible global function definition for ‘all_of’
filter_H: no visible global function definition for ‘select’
filter_H: no visible global function definition for ‘all_of’
model_ln: no visible global function definition for ‘lm’
remove_nas: no visible global function definition for ‘na.omit’
Undefined global functions or variables:
  aes_string all_of geom_bar geom_jitter ggplot lm na.omit select
Consider adding
  importFrom("stats", "lm", "na.omit")
to your NAMESPACE file.
* checking Rd files ... OK
* checking Rd metadata ... OK
* checking Rd line widths ... OK
* checking Rd cross-references ... OK
* checking for missing documentation entries ... OK
* checking for code/documentation mismatches ... OK
* checking Rd \usage sections ... OK
* checking Rd contents ... OK
* checking for unstated dependencies in examples ... OK
* checking files in ‘vignettes’ ... WARNING
Files in the 'vignettes' directory but no files in 'inst/doc':
  ‘HormonesTutorial.Rmd’
Files named as vignettes but with no recognized vignette engine:
   ‘vignettes/HormonesTutorial.Rmd’
(Is a VignetteBuilder field missing?)
* checking examples ... NONE
* checking for non-standard things in the check directory ... OK
* checking for detritus in the temp directory ... OK
* DONE
Status: 2 WARNINGs, 3 NOTEs
